[0m20:55:59.915210 [debug] [MainThread]: Sending event: {'category': 'dbt', 'action': 'invocation', 'label': 'start', 'context': [<snowplow_tracker.self_describing_json.SelfDescribingJson object at 0x106907920>, <snowplow_tracker.self_describing_json.SelfDescribingJson object at 0x1078c8d70>, <snowplow_tracker.self_describing_json.SelfDescribingJson object at 0x1078c8aa0>]}


============================== 20:55:59.918492 | 44e8aff2-edca-40f7-a719-401c21c5c6d7 ==============================
[0m20:55:59.918492 [info ] [MainThread]: Running with dbt=1.11.2
[0m20:55:59.918809 [debug] [MainThread]: running dbt with arguments {'no_print': 'None', 'log_cache_events': 'False', 'cache_selected_only': 'False', 'use_experimental_parser': 'False', 'quiet': 'False', 'use_colors': 'True', 'log_format': 'default', 'target_path': 'None', 'write_json': 'True', 'fail_fast': 'False', 'warn_error_options': 'WarnErrorOptionsV2(error=[], warn=[], silence=[])', 'debug': 'False', 'invocation_command': 'dbt init episode_care_dbt', 'version_check': 'True', 'log_path': 'logs', 'send_anonymous_usage_stats': 'True', 'empty': 'None', 'warn_error': 'None', 'indirect_selection': 'eager', 'printer_width': '80', 'profiles_dir': '/Users/varun/.dbt', 'partial_parse': 'True', 'static_parser': 'True', 'introspect': 'True'}
[0m20:55:59.926344 [info ] [MainThread]: Creating dbt configuration folder at /Users/varun/.dbt
[0m20:55:59.927108 [debug] [MainThread]: Starter project path: /Users/varun/episode-care-analytics/venv/lib/python3.12/site-packages/dbt/include/starter_project
[0m20:55:59.930004 [info ] [MainThread]: 
Your new dbt project "episode_care_dbt" was created!

For more information on how to configure the profiles.yml file,
please consult the dbt documentation here:

  https://docs.getdbt.com/docs/configure-your-profile

One more thing:

Need help? Don't hesitate to reach out to us via GitHub issues or on Slack:

  https://community.getdbt.com/

Happy modeling!

[0m20:55:59.930167 [info ] [MainThread]: Setting up your profile.
[0m20:57:54.674293 [info ] [MainThread]: Profile episode_care_dbt written to /Users/varun/.dbt/profiles.yml using target's profile_template.yml and your supplied values. Run 'dbt debug' to validate the connection.
[0m20:57:54.731946 [debug] [MainThread]: Resource report: {"command_name": "init", "command_success": true, "command_wall_clock_time": 114.86308, "process_in_blocks": "0", "process_kernel_time": 0.164283, "process_mem_max_rss": "104202240", "process_out_blocks": "0", "process_user_time": 0.646382}
[0m20:57:54.733035 [debug] [MainThread]: Command `dbt init` succeeded at 20:57:54.732829 after 114.86 seconds
[0m20:57:54.734190 [debug] [MainThread]: Sending event: {'category': 'dbt', 'action': 'invocation', 'label': 'end', 'context': [<snowplow_tracker.self_describing_json.SelfDescribingJson object at 0x107849e50>, <snowplow_tracker.self_describing_json.SelfDescribingJson object at 0x106cd1520>, <snowplow_tracker.self_describing_json.SelfDescribingJson object at 0x106cd1730>]}
[0m20:57:54.734982 [debug] [MainThread]: Flushing usage events
[0m20:57:55.093591 [debug] [MainThread]: An error was encountered while trying to flush usage events
